mode: set
github.com/iggyster/lets-go-chat/internal/middleware/accept.go:7.35,9.20 1 1
github.com/iggyster/lets-go-chat/internal/middleware/accept.go:9.20,11.3 1 1
github.com/iggyster/lets-go-chat/internal/middleware/accept.go:13.2,13.81 1 1
github.com/iggyster/lets-go-chat/internal/middleware/boot.go:9.27,14.2 3 1
github.com/iggyster/lets-go-chat/internal/chat/model.go:24.21,25.17 1 1
github.com/iggyster/lets-go-chat/internal/chat/model.go:25.17,27.3 1 1
github.com/iggyster/lets-go-chat/internal/chat/model.go:29.2,29.10 1 1
github.com/iggyster/lets-go-chat/internal/chat/model.go:32.43,34.2 1 1
github.com/iggyster/lets-go-chat/internal/chat/model.go:36.51,40.2 2 1
github.com/iggyster/lets-go-chat/internal/chat/model.go:42.43,45.39 2 1
github.com/iggyster/lets-go-chat/internal/chat/model.go:45.39,46.40 1 1
github.com/iggyster/lets-go-chat/internal/chat/model.go:46.40,48.4 1 1
github.com/iggyster/lets-go-chat/internal/chat/model.go:50.3,50.14 1 1
github.com/iggyster/lets-go-chat/internal/chat/model.go:53.2,53.14 1 1
github.com/iggyster/lets-go-chat/internal/chat/model.go:56.50,58.2 1 1
github.com/iggyster/lets-go-chat/pkg/tokengenerator/tokengenerator.go:8.31,13.2 3 1
github.com/iggyster/lets-go-chat/internal/handler/auth.go:22.33,24.46 2 1
github.com/iggyster/lets-go-chat/internal/handler/auth.go:24.46,26.3 1 1
github.com/iggyster/lets-go-chat/internal/handler/auth.go:28.2,29.74 2 1
github.com/iggyster/lets-go-chat/internal/handler/auth.go:29.74,31.3 1 1
github.com/iggyster/lets-go-chat/internal/handler/auth.go:33.2,41.115 6 1
github.com/iggyster/lets-go-chat/internal/handler/chat.go:10.38,11.15 1 0
github.com/iggyster/lets-go-chat/internal/handler/chat.go:11.15,13.17 2 0
github.com/iggyster/lets-go-chat/internal/handler/chat.go:13.17,15.4 1 0
github.com/iggyster/lets-go-chat/internal/handler/chat.go:18.2,21.17 3 0
github.com/iggyster/lets-go-chat/internal/handler/chat.go:21.17,24.3 2 0
github.com/iggyster/lets-go-chat/internal/handler/chat.go:26.2,27.16 2 0
github.com/iggyster/lets-go-chat/internal/handler/chat.go:27.16,30.3 2 0
github.com/iggyster/lets-go-chat/internal/handler/chat.go:32.2,34.32 2 0
github.com/iggyster/lets-go-chat/internal/handler/chat.go:34.32,36.3 1 0
github.com/iggyster/lets-go-chat/internal/handler/chat.go:38.2,38.6 1 0
github.com/iggyster/lets-go-chat/internal/handler/chat.go:38.6,40.17 2 0
github.com/iggyster/lets-go-chat/internal/handler/chat.go:40.17,43.9 3 0
github.com/iggyster/lets-go-chat/internal/handler/chat.go:45.3,47.17 3 0
github.com/iggyster/lets-go-chat/internal/handler/chat.go:47.17,50.9 3 0
github.com/iggyster/lets-go-chat/internal/handler/error.go:13.63,15.2 1 1
github.com/iggyster/lets-go-chat/internal/handler/error.go:17.35,19.2 1 1
github.com/iggyster/lets-go-chat/internal/handler/register.go:18.37,20.46 2 1
github.com/iggyster/lets-go-chat/internal/handler/register.go:20.46,22.3 1 1
github.com/iggyster/lets-go-chat/internal/handler/register.go:24.2,24.51 1 1
github.com/iggyster/lets-go-chat/internal/handler/register.go:24.51,26.3 1 1
github.com/iggyster/lets-go-chat/internal/handler/register.go:28.2,31.80 3 1
github.com/iggyster/lets-go-chat/internal/handler/register.go:34.42,36.45 2 1
github.com/iggyster/lets-go-chat/internal/handler/register.go:36.45,38.3 1 1
github.com/iggyster/lets-go-chat/internal/handler/register.go:39.2,39.25 1 1
github.com/iggyster/lets-go-chat/internal/handler/register.go:39.25,41.3 1 1
github.com/iggyster/lets-go-chat/internal/handler/register.go:42.2,42.28 1 1
github.com/iggyster/lets-go-chat/internal/handler/register.go:42.28,48.3 1 1
github.com/iggyster/lets-go-chat/internal/handler/register.go:49.2,49.25 1 1
github.com/iggyster/lets-go-chat/internal/handler/register.go:49.25,51.3 1 1
github.com/iggyster/lets-go-chat/internal/handler/register.go:52.2,52.56 1 1
github.com/iggyster/lets-go-chat/internal/handler/register.go:52.56,58.3 1 1
github.com/iggyster/lets-go-chat/internal/handler/register.go:59.2,59.15 1 1
github.com/iggyster/lets-go-chat/internal/handler/users.go:8.37,16.2 4 0
github.com/iggyster/lets-go-chat/pkg/hasher/hasher.go:7.52,11.2 2 1
github.com/iggyster/lets-go-chat/pkg/hasher/hasher.go:15.52,19.2 2 1
github.com/iggyster/lets-go-chat/internal/user/model.go:15.41,17.2 1 1
github.com/iggyster/lets-go-chat/internal/user/model.go:19.32,21.2 1 1
github.com/iggyster/lets-go-chat/internal/user/model.go:23.43,31.2 2 1
github.com/iggyster/lets-go-chat/internal/user/repository.go:21.74,23.9 2 1
github.com/iggyster/lets-go-chat/internal/user/repository.go:23.9,25.3 1 1
github.com/iggyster/lets-go-chat/internal/user/repository.go:27.2,28.9 2 1
github.com/iggyster/lets-go-chat/internal/user/repository.go:28.9,30.3 1 0
github.com/iggyster/lets-go-chat/internal/user/repository.go:32.2,32.17 1 1
github.com/iggyster/lets-go-chat/internal/user/repository.go:35.59,38.39 2 1
github.com/iggyster/lets-go-chat/internal/user/repository.go:38.39,40.32 2 1
github.com/iggyster/lets-go-chat/internal/user/repository.go:40.32,43.4 2 1
github.com/iggyster/lets-go-chat/internal/user/repository.go:45.3,45.14 1 1
github.com/iggyster/lets-go-chat/internal/user/repository.go:48.2,48.12 1 1
github.com/iggyster/lets-go-chat/internal/user/repository.go:51.58,55.2 2 1
github.com/iggyster/lets-go-chat/internal/user/repository.go:57.43,59.2 1 1
