mode: set
github.com/iggyster/lets-go-chat/pkg/tokengen/tokengen.go:9.26,14.2 3 1
github.com/iggyster/lets-go-chat/internal/handler/active.go:14.70,20.2 3 1
github.com/iggyster/lets-go-chat/internal/handler/active.go:22.44,24.2 1 1
github.com/iggyster/lets-go-chat/internal/handler/auth.go:29.40,31.2 1 1
github.com/iggyster/lets-go-chat/internal/handler/auth.go:33.74,39.74 4 1
github.com/iggyster/lets-go-chat/internal/handler/auth.go:39.74,41.3 1 0
github.com/iggyster/lets-go-chat/internal/handler/auth.go:43.2,50.101 6 1
github.com/iggyster/lets-go-chat/internal/handler/auth.go:53.78,57.16 3 1
github.com/iggyster/lets-go-chat/internal/handler/auth.go:57.16,59.3 1 0
github.com/iggyster/lets-go-chat/internal/handler/auth.go:61.2,61.13 1 1
github.com/iggyster/lets-go-chat/internal/handler/chat.go:20.40,22.2 1 0
github.com/iggyster/lets-go-chat/internal/handler/chat.go:24.68,28.16 3 0
github.com/iggyster/lets-go-chat/internal/handler/chat.go:28.16,30.3 1 0
github.com/iggyster/lets-go-chat/internal/handler/chat.go:32.2,33.17 2 0
github.com/iggyster/lets-go-chat/internal/handler/chat.go:33.17,37.3 2 0
github.com/iggyster/lets-go-chat/internal/handler/chat.go:39.2,40.16 2 0
github.com/iggyster/lets-go-chat/internal/handler/chat.go:40.16,44.3 2 0
github.com/iggyster/lets-go-chat/internal/handler/chat.go:46.2,48.24 2 0
github.com/iggyster/lets-go-chat/internal/handler/chat.go:48.24,50.3 1 0
github.com/iggyster/lets-go-chat/internal/handler/chat.go:52.2,52.6 1 0
github.com/iggyster/lets-go-chat/internal/handler/chat.go:52.6,54.17 2 0
github.com/iggyster/lets-go-chat/internal/handler/chat.go:54.17,59.4 3 0
github.com/iggyster/lets-go-chat/internal/handler/chat.go:61.3,63.17 3 0
github.com/iggyster/lets-go-chat/internal/handler/chat.go:63.17,68.4 3 0
github.com/iggyster/lets-go-chat/internal/handler/error.go:15.63,17.2 1 1
github.com/iggyster/lets-go-chat/internal/handler/error.go:19.35,21.2 1 1
github.com/iggyster/lets-go-chat/internal/handler/notfound.go:9.76,11.2 1 1
github.com/iggyster/lets-go-chat/internal/handler/register.go:16.48,18.2 1 1
github.com/iggyster/lets-go-chat/internal/handler/register.go:20.78,24.54 3 1
github.com/iggyster/lets-go-chat/internal/handler/register.go:24.54,29.3 3 1
github.com/iggyster/lets-go-chat/internal/handler/register.go:31.2,34.32 3 1
github.com/iggyster/lets-go-chat/internal/handler/register.go:37.61,40.42 2 1
github.com/iggyster/lets-go-chat/internal/handler/register.go:40.42,42.3 1 1
github.com/iggyster/lets-go-chat/internal/handler/register.go:43.2,43.25 1 1
github.com/iggyster/lets-go-chat/internal/handler/register.go:43.25,45.3 1 1
github.com/iggyster/lets-go-chat/internal/handler/register.go:46.2,46.28 1 1
github.com/iggyster/lets-go-chat/internal/handler/register.go:46.28,52.3 1 1
github.com/iggyster/lets-go-chat/internal/handler/register.go:53.2,53.25 1 1
github.com/iggyster/lets-go-chat/internal/handler/register.go:53.25,55.3 1 1
github.com/iggyster/lets-go-chat/internal/handler/register.go:56.2,56.56 1 1
github.com/iggyster/lets-go-chat/internal/handler/register.go:56.56,62.3 1 1
github.com/iggyster/lets-go-chat/internal/handler/register.go:63.2,63.15 1 1
github.com/iggyster/lets-go-chat/pkg/hasher/hasher.go:7.52,11.2 2 1
github.com/iggyster/lets-go-chat/pkg/hasher/hasher.go:15.52,19.2 2 1
github.com/iggyster/lets-go-chat/internal/user/model.go:16.41,18.2 1 1
github.com/iggyster/lets-go-chat/internal/user/model.go:20.32,22.2 1 1
github.com/iggyster/lets-go-chat/internal/user/model.go:24.37,26.2 1 1
github.com/iggyster/lets-go-chat/internal/user/model.go:28.29,30.2 1 1
github.com/iggyster/lets-go-chat/internal/user/model.go:32.31,34.2 1 1
github.com/iggyster/lets-go-chat/internal/user/model.go:36.43,44.2 2 1
github.com/iggyster/lets-go-chat/internal/user/repo.go:20.34,22.2 1 1
github.com/iggyster/lets-go-chat/internal/user/repo.go:24.78,26.9 2 1
github.com/iggyster/lets-go-chat/internal/user/repo.go:26.9,28.3 1 1
github.com/iggyster/lets-go-chat/internal/user/repo.go:30.2,31.9 2 1
github.com/iggyster/lets-go-chat/internal/user/repo.go:31.9,33.3 1 1
github.com/iggyster/lets-go-chat/internal/user/repo.go:35.2,35.17 1 1
github.com/iggyster/lets-go-chat/internal/user/repo.go:38.63,41.39 2 1
github.com/iggyster/lets-go-chat/internal/user/repo.go:41.39,43.32 2 1
github.com/iggyster/lets-go-chat/internal/user/repo.go:43.32,46.4 2 1
github.com/iggyster/lets-go-chat/internal/user/repo.go:48.3,48.14 1 1
github.com/iggyster/lets-go-chat/internal/user/repo.go:51.2,51.12 1 1
github.com/iggyster/lets-go-chat/internal/user/repo.go:54.55,57.39 2 1
github.com/iggyster/lets-go-chat/internal/user/repo.go:57.39,58.56 1 1
github.com/iggyster/lets-go-chat/internal/user/repo.go:58.56,60.4 1 1
github.com/iggyster/lets-go-chat/internal/user/repo.go:62.3,62.14 1 1
github.com/iggyster/lets-go-chat/internal/user/repo.go:65.2,65.18 1 1
github.com/iggyster/lets-go-chat/internal/user/repo.go:68.62,72.2 2 1
github.com/iggyster/lets-go-chat/internal/user/repo.go:74.47,76.2 1 1
